////////////////////////////////////////////////////////////////////////////////
///////////////////InstallShield Media Library Report Summary///////////////////
////////////////////////////////////////////////////////////////////////////////

Media Name      : Default
Report Filename : C:\My Installations\EasyCRT 4.02, EasyGDI 2.02\Media\Default\Report Files\1-21-1999 8.23.53PM.rpt
Date            : 01/21/1999
Time            : 8:23PM

Number of Components:                4 
Number of File Groups:               0 
Number of Files:                     0 
Total Size of Files:                 0 (bytes)

==========
COMPONENTS
==========


     Program Files
     Documentation
     Sample Programs
     Supplemental Fonts


////////////////////////////////////////////////////////////////////////////////
/////////////////////////////////Report Details/////////////////////////////////
////////////////////////////////////////////////////////////////////////////////


================================================================================
                                 COMPONENT: ""
================================================================================

SUMMARY:
    Total Files:                0 (files for this component only)
    Source Bytes:               0 (files for this component only)
